[24/Jul/2013 16:02:46] INFO [geonode.people.management:33] Notifications Configured for geonode.people.managment.commands
[24/Jul/2013 16:02:46] INFO [geonode.layers.management:35] Notifications Configured for geonode.layers.managment.commands
[24/Jul/2013 16:02:46] INFO [geonode.maps.management:35] Notifications Configured for geonode.maps.management.commands
[24/Jul/2013 16:04:34] INFO [geonode.people.management:33] Notifications Configured for geonode.people.managment.commands
[24/Jul/2013 16:04:34] INFO [geonode.layers.management:35] Notifications Configured for geonode.layers.managment.commands
[24/Jul/2013 16:04:34] INFO [geonode.maps.management:35] Notifications Configured for geonode.maps.management.commands
[24/Jul/2013 16:04:45] INFO [geonode.people.management:33] Notifications Configured for geonode.people.managment.commands
[24/Jul/2013 16:04:45] INFO [geonode.layers.management:35] Notifications Configured for geonode.layers.managment.commands
[24/Jul/2013 16:04:45] INFO [geonode.maps.management:35] Notifications Configured for geonode.maps.management.commands
[24/Jul/2013 16:06:15] INFO [geonode.people.management:33] Notifications Configured for geonode.people.managment.commands
[24/Jul/2013 16:06:15] INFO [geonode.layers.management:35] Notifications Configured for geonode.layers.managment.commands
[24/Jul/2013 16:06:15] INFO [geonode.maps.management:35] Notifications Configured for geonode.maps.management.commands
[24/Jul/2013 16:08:31] DEBUG [geonode.search.views:207] cached search results 84
[24/Jul/2013 16:08:31] DEBUG [geonode.search.views:144] generated combined search results in 0.0137939453125, 0.0
[24/Jul/2013 16:08:31] DEBUG [geonode.search.views:145] with 6 db queries
[24/Jul/2013 16:12:15] INFO [geonode.people.management:33] Notifications Configured for geonode.people.managment.commands
[24/Jul/2013 16:12:15] INFO [geonode.layers.management:35] Notifications Configured for geonode.layers.managment.commands
[24/Jul/2013 16:12:15] INFO [geonode.maps.management:35] Notifications Configured for geonode.maps.management.commands
[24/Jul/2013 16:14:01] DEBUG [geonode.search.views:207] cached search results 84
[24/Jul/2013 16:14:01] DEBUG [geonode.search.views:144] generated combined search results in 0.0139229297638, 0.0
[24/Jul/2013 16:14:01] DEBUG [geonode.search.views:145] with 6 db queries
[24/Jul/2013 16:14:07] DEBUG [geonode.search.views:207] cached search results 84
[24/Jul/2013 16:14:07] DEBUG [geonode.search.views:144] generated combined search results in 0.0175640583038, 0.0
[24/Jul/2013 16:14:07] DEBUG [geonode.search.views:145] with 5 db queries
[24/Jul/2013 16:14:17] DEBUG [geonode.search.views:207] cached search results 84
[24/Jul/2013 16:14:17] DEBUG [geonode.search.views:144] generated combined search results in 0.0191531181335, 0.0
[24/Jul/2013 16:14:17] DEBUG [geonode.search.views:145] with 5 db queries
[24/Jul/2013 16:29:29] DEBUG [geonode.search.views:207] cached search results 84
[24/Jul/2013 16:29:29] DEBUG [geonode.search.views:144] generated combined search results in 0.0195579528809, 0.0
[24/Jul/2013 16:29:29] DEBUG [geonode.search.views:145] with 5 db queries
[24/Jul/2013 17:00:46] DEBUG [geonode.search.views:207] cached search results 84
[24/Jul/2013 17:00:46] DEBUG [geonode.search.views:144] generated combined search results in 0.0593318939209, 0.0
[24/Jul/2013 17:00:46] DEBUG [geonode.search.views:145] with 5 db queries
[24/Jul/2013 17:29:05] DEBUG [geonode.search.views:207] cached search results 84
[24/Jul/2013 17:29:05] DEBUG [geonode.search.views:144] generated combined search results in 0.0304098129272, 1.19209289551e-06
[24/Jul/2013 17:29:05] DEBUG [geonode.search.views:145] with 5 db queries
[24/Jul/2013 17:29:08] DEBUG [geonode.search.views:207] cached search results 84
[24/Jul/2013 17:29:08] DEBUG [geonode.search.views:144] generated combined search results in 0.0199999809265, 9.53674316406e-07
[24/Jul/2013 17:29:08] DEBUG [geonode.search.views:145] with 5 db queries
[24/Jul/2013 17:29:09] DEBUG [geonode.search.views:207] cached search results 84
[24/Jul/2013 17:29:09] DEBUG [geonode.search.views:144] generated combined search results in 0.0139071941376, 0.0
[24/Jul/2013 17:29:09] DEBUG [geonode.search.views:145] with 4 db queries
[24/Jul/2013 17:29:10] DEBUG [geonode.search.views:207] cached search results 84
[24/Jul/2013 17:29:10] DEBUG [geonode.search.views:144] generated combined search results in 0.0144739151001, 0.0
[24/Jul/2013 17:29:10] DEBUG [geonode.search.views:145] with 4 db queries
[24/Jul/2013 17:29:11] DEBUG [geonode.search.views:207] cached search results 84
[24/Jul/2013 17:29:11] DEBUG [geonode.search.views:144] generated combined search results in 0.0185849666595, 0.0
[24/Jul/2013 17:29:11] DEBUG [geonode.search.views:145] with 5 db queries
